<?xml version="1.0" encoding="UTF-8"?>
<!-- Generated by org.testng.reporters.JUnitReportReporter -->
<testsuite skipped="0" hostname="KAMILA-PC" name="tutorialsninjaObjects.TutorialsFlow" tests="2" failures="0" timestamp="23 Aug 2020 03:46:40 GMT" time="13.103" errors="0">
  <testcase name="b_functional" time="2.318" classname="tutorialsninjaObjects.TutorialsFlow"/>
  <testcase name="a_pageload" time="10.785" classname="tutorialsninjaObjects.TutorialsFlow"/>
</testsuite> <!-- tutorialsninjaObjects.TutorialsFlow -->
