<?xml version="1.0" encoding="UTF-8"?>
<!-- Generated by org.testng.reporters.JUnitReportReporter -->
<testsuite skipped="0" hostname="KAMILA-PC" name="swagsLabsScripts.SwagsLabsFlow" tests="2" failures="0" timestamp="30 Sep 2020 03:30:13 GMT" time="31.736" errors="0">
  <testcase name="b_SwagsLabsRepository" time="15.090" classname="swagsLabsScripts.SwagsLabsFlow"/>
  <testcase name="a_pageload" time="16.646" classname="swagsLabsScripts.SwagsLabsFlow"/>
</testsuite> <!-- swagsLabsScripts.SwagsLabsFlow -->
