<?xml version="1.0" encoding="UTF-8"?>
<!-- Generated by org.testng.reporters.JUnitReportReporter -->
<testsuite skipped="0" hostname="KAMILA-PC" name="openMrsScripts.OpenMrsFlow" tests="2" failures="0" timestamp="01 Sep 2020 14:53:00 GMT" time="59.143" errors="0">
  <testcase name="b_OpenMrsRepository" time="46.054" classname="openMrsScripts.OpenMrsFlow"/>
  <testcase name="a_pageload" time="13.089" classname="openMrsScripts.OpenMrsFlow"/>
</testsuite> <!-- openMrsScripts.OpenMrsFlow -->
