<?xml version="1.0" encoding="UTF-8"?>
<!-- Generated by org.testng.reporters.JUnitReportReporter -->
<testsuite skipped="0" hostname="KAMILA-PC" name="testNGFramework.ZeroWebApp" tests="4" failures="0" timestamp="13 Aug 2020 02:39:40 GMT" time="40.223" errors="0">
  <testcase name="pageLoad" time="23.517" classname="testNGFramework.ZeroWebApp"/>
  <testcase name="signIn" time="1.326" classname="testNGFramework.ZeroWebApp"/>
  <testcase name="loginPage" time="5.914" classname="testNGFramework.ZeroWebApp"/>
  <testcase name="logOut" time="9.466" classname="testNGFramework.ZeroWebApp"/>
</testsuite> <!-- testNGFramework.ZeroWebApp -->
