<?xml version="1.0" encoding="UTF-8"?>
<!-- Generated by org.testng.reporters.JUnitReportReporter -->
<testsuite skipped="0" hostname="KAMILA-PC" name="testNGPracticing.AutomationTestingPractice" tests="3" failures="0" timestamp="28 Aug 2020 03:54:27 GMT" time="121.419" errors="0">
  <testcase name="b_register" time="2.918" classname="testNGPracticing.AutomationTestingPractice"/>
  <testcase name="c_shop" time="4.665" classname="testNGPracticing.AutomationTestingPractice"/>
  <testcase name="a_pageload" time="113.836" classname="testNGPracticing.AutomationTestingPractice"/>
</testsuite> <!-- testNGPracticing.AutomationTestingPractice -->
