<?xml version="1.0" encoding="UTF-8"?>
<!-- Generated by org.testng.reporters.JUnitReportReporter -->
<testsuite skipped="0" hostname="KAMILA-PC" name="testNGPracticing.Tutorialsninja" tests="2" failures="0" timestamp="22 Aug 2020 02:35:09 GMT" time="13.994" errors="0">
  <testcase name="a_pageload" time="13.072" classname="testNGPracticing.Tutorialsninja"/>
  <testcase name="b_selectingMP" time="0.922" classname="testNGPracticing.Tutorialsninja"/>
</testsuite> <!-- testNGPracticing.Tutorialsninja -->
