<?xml version="1.0" encoding="UTF-8"?>
<!-- Generated by org.testng.reporters.JUnitReportReporter -->
<testsuite skipped="0" hostname="KAMILA-PC" name="testNGFramework.ZeroWebScreenShot" tests="3" failures="0" timestamp="19 Aug 2020 02:42:40 GMT" time="27.605" errors="0">
  <testcase name="a_pageLoad" time="19.159" classname="testNGFramework.ZeroWebScreenShot"/>
  <testcase name="b_signIn" time="1.820" classname="testNGFramework.ZeroWebScreenShot"/>
  <testcase name="c_loginPage" time="6.626" classname="testNGFramework.ZeroWebScreenShot"/>
</testsuite> <!-- testNGFramework.ZeroWebScreenShot -->
