<?xml version="1.0" encoding="UTF-8"?>
<!-- Generated by org.testng.reporters.JUnitReportReporter -->
<testsuite skipped="0" hostname="KAMILA-PC" name="testNGPracticing.Way2automation" tests="6" failures="0" timestamp="11 Sep 2020 02:45:03 GMT" time="58.726" errors="0">
  <testcase name="c_Login" time="38.484" classname="testNGPracticing.Way2automation"/>
  <testcase name="a_pageload" time="13.301" classname="testNGPracticing.Way2automation"/>
  <testcase name="d_countofwidget" time="0.489" classname="testNGPracticing.Way2automation"/>
  <testcase name="e_dropdownclick" time="3.039" classname="testNGPracticing.Way2automation"/>
  <testcase name="d_countofboxes" time="2.929" classname="testNGPracticing.Way2automation"/>
  <testcase name="b_selectable" time="0.484" classname="testNGPracticing.Way2automation"/>
</testsuite> <!-- testNGPracticing.Way2automation -->
