<?xml version="1.0" encoding="UTF-8"?>
<!-- Generated by org.testng.reporters.JUnitReportReporter -->
<testsuite skipped="0" hostname="KAMILA-PC" name="testNGPracticing.WaytoAutomateAlert" tests="4" failures="0" timestamp="12 Sep 2020 05:11:20 GMT" time="95.666" errors="0">
  <testcase name="c_Login" time="15.093" classname="testNGPracticing.WaytoAutomateAlert"/>
  <testcase name="a_pageload" time="63.295" classname="testNGPracticing.WaytoAutomateAlert"/>
  <testcase name="d_alertfunction" time="0.004" classname="testNGPracticing.WaytoAutomateAlert"/>
  <testcase name="b_alert" time="17.274" classname="testNGPracticing.WaytoAutomateAlert"/>
</testsuite> <!-- testNGPracticing.WaytoAutomateAlert -->
