<?xml version="1.0" encoding="UTF-8"?>
<!-- Generated by org.testng.reporters.JUnitReportReporter -->
<testsuite skipped="0" hostname="KAMILA-PC" name="testNGPracticing.FlipKartMobileSearch" tests="4" failures="0" timestamp="16 Aug 2020 04:24:13 GMT" time="31.533" errors="0">
  <testcase name="d_chosenMobile" time="17.469" classname="testNGPracticing.FlipKartMobileSearch"/>
  <testcase name="c_search" time="0.571" classname="testNGPracticing.FlipKartMobileSearch"/>
  <testcase name="b_loginLayerClose" time="0.514" classname="testNGPracticing.FlipKartMobileSearch"/>
  <testcase name="a_pageLoad" time="12.979" classname="testNGPracticing.FlipKartMobileSearch"/>
</testsuite> <!-- testNGPracticing.FlipKartMobileSearch -->
