<?xml version="1.0" encoding="UTF-8"?>
<!-- Generated by org.testng.reporters.JUnitReportReporter -->
<testsuite skipped="0" hostname="KAMILA-PC" name="testNGPracticing.FlipkartsearchByKeyboardAction" tests="4" failures="0" timestamp="14 Aug 2020 15:14:46 GMT" time="32.744" errors="0">
  <testcase name="d_chosenMobile" time="17.005" classname="testNGPracticing.FlipkartsearchByKeyboardAction"/>
  <testcase name="c_search" time="0.660" classname="testNGPracticing.FlipkartsearchByKeyboardAction"/>
  <testcase name="b_loginLayerClose" time="0.366" classname="testNGPracticing.FlipkartsearchByKeyboardAction"/>
  <testcase name="a_pageLoad" time="14.713" classname="testNGPracticing.FlipkartsearchByKeyboardAction"/>
</testsuite> <!-- testNGPracticing.FlipkartsearchByKeyboardAction -->
