<?xml version="1.0" encoding="UTF-8"?>
<!-- Generated by org.testng.reporters.JUnitReportReporter -->
<testsuite skipped="0" hostname="KAMILA-PC" name="testNGPracticing.JpetStore" tests="8" failures="0" timestamp="14 Aug 2020 02:11:12 GMT" time="44.375" errors="0">
  <testcase name="h_logout" time="1.000" classname="testNGPracticing.JpetStore"/>
  <testcase name="c_registerNow" time="1.714" classname="testNGPracticing.JpetStore"/>
  <testcase name="g_login" time="4.973" classname="testNGPracticing.JpetStore"/>
  <testcase name="b_signIn" time="0.850" classname="testNGPracticing.JpetStore"/>
  <testcase name="f_profileInfo" time="10.629" classname="testNGPracticing.JpetStore"/>
  <testcase name="e_accountInfo" time="8.048" classname="testNGPracticing.JpetStore"/>
  <testcase name="a_pageLoad" time="14.675" classname="testNGPracticing.JpetStore"/>
  <testcase name="d_userInformation" time="2.486" classname="testNGPracticing.JpetStore"/>
</testsuite> <!-- testNGPracticing.JpetStore -->
