<?xml version="1.0" encoding="UTF-8"?>
<!-- Generated by org.testng.reporters.JUnitReportReporter -->
<testsuite skipped="0" hostname="KAMILA-PC" name="testFramework.ZeroWebApp" tests="4" failures="0" timestamp="12 Aug 2020 09:52:38 GMT" time="30.616" errors="0">
  <testcase name="pageLoad" time="14.595" classname="testFramework.ZeroWebApp"/>
  <testcase name="signIn" time="1.615" classname="testFramework.ZeroWebApp"/>
  <testcase name="loginPage" time="5.515" classname="testFramework.ZeroWebApp"/>
  <testcase name="logOut" time="8.891" classname="testFramework.ZeroWebApp"/>
</testsuite> <!-- testFramework.ZeroWebApp -->
