<?xml version="1.0" encoding="UTF-8"?>
<!-- Generated by org.testng.reporters.JUnitReportReporter -->
<testsuite skipped="0" hostname="KAMILA-PC" name="testNGFramework.Groupingconcepts" tests="3" failures="0" timestamp="28 Aug 2020 03:07:52 GMT" time="0.201" errors="0">
  <testcase name="f3" time="0.011" classname="testNGFramework.Groupingconcepts"/>
  <testcase name="f1" time="0.171" classname="testNGFramework.Groupingconcepts"/>
  <testcase name="f2" time="0.019" classname="testNGFramework.Groupingconcepts"/>
</testsuite> <!-- testNGFramework.Groupingconcepts -->
