<?xml version="1.0" encoding="UTF-8"?>
<!-- Generated by org.testng.reporters.JUnitReportReporter -->
<testsuite skipped="0" hostname="KAMILA-PC" name="testNGPracticing.SpiceJetVerification" tests="2" failures="0" timestamp="19 Aug 2020 01:30:54 GMT" time="78.793" errors="0">
  <testcase name="b_verification" time="37.607" classname="testNGPracticing.SpiceJetVerification"/>
  <testcase name="a_pageLoad" time="41.186" classname="testNGPracticing.SpiceJetVerification"/>
</testsuite> <!-- testNGPracticing.SpiceJetVerification -->
