<?xml version="1.0" encoding="UTF-8"?>
<!-- Generated by org.testng.reporters.JUnitReportReporter -->
<testsuite skipped="0" hostname="KAMILA-PC" name="testNGPracticing.DemoBlaze" tests="5" failures="0" timestamp="29 Aug 2020 03:53:46 GMT" time="35.990" errors="0">
  <testcase name="d_categories" time="9.656" classname="testNGPracticing.DemoBlaze"/>
  <testcase name="c_login" time="3.905" classname="testNGPracticing.DemoBlaze"/>
  <testcase name="e_add" time="6.179" classname="testNGPracticing.DemoBlaze"/>
  <testcase name="a_pageload" time="11.207" classname="testNGPracticing.DemoBlaze"/>
  <testcase name="b_signUp" time="5.043" classname="testNGPracticing.DemoBlaze"/>
</testsuite> <!-- testNGPracticing.DemoBlaze -->
