<?xml version="1.0" encoding="UTF-8"?>
<!-- Generated by org.testng.reporters.JUnitReportReporter -->
<testsuite skipped="0" hostname="KAMILA-PC" name="testNGFramework.autoITFileUpload" tests="2" failures="0" timestamp="25 Aug 2020 02:27:34 GMT" time="42.870" errors="0">
  <testcase name="b_fileUpload" time="5.708" classname="testNGFramework.autoITFileUpload"/>
  <testcase name="a_pageLoad" time="37.162" classname="testNGFramework.autoITFileUpload"/>
</testsuite> <!-- testNGFramework.autoITFileUpload -->
