<?xml version="1.0" encoding="UTF-8"?>
<!-- Generated by org.testng.reporters.JUnitReportReporter -->
<testsuite skipped="0" hostname="KAMILA-PC" name="testNGFramework.NavigationsCommands" tests="2" failures="0" timestamp="20 Aug 2020 02:14:50 GMT" time="51.586" errors="0">
  <testcase name="a_pageload" time="28.259" classname="testNGFramework.NavigationsCommands"/>
  <testcase name="b_navigation" time="23.327" classname="testNGFramework.NavigationsCommands"/>
</testsuite> <!-- testNGFramework.NavigationsCommands -->
