<?xml version="1.0" encoding="UTF-8"?>
<!-- Generated by org.testng.reporters.JUnitReportReporter -->
<testsuite skipped="0" hostname="KAMILA-PC" name="testNGPracticing.VerificationSampleherokuapp" tests="3" failures="0" timestamp="19 Aug 2020 03:13:17 GMT" time="33.759" errors="0">
  <testcase name="a_pageLoad" time="16.085" classname="testNGPracticing.VerificationSampleherokuapp"/>
  <testcase name="b_Verifycheckbox1" time="10.598" classname="testNGPracticing.VerificationSampleherokuapp"/>
  <testcase name="c_Verifycheckbox2" time="7.076" classname="testNGPracticing.VerificationSampleherokuapp"/>
</testsuite> <!-- testNGPracticing.VerificationSampleherokuapp -->
