<?xml version="1.0" encoding="UTF-8"?>
<!-- Generated by org.testng.reporters.JUnitReportReporter -->
<testsuite skipped="0" hostname="KAMILA-PC" name="testNGFramework.Bootstrapdropdownandcalendar" tests="2" failures="0" timestamp="26 Aug 2020 03:10:02 GMT" time="64.829" errors="0">
  <testcase name="a_pageLoad" time="45.213" classname="testNGFramework.Bootstrapdropdownandcalendar"/>
  <testcase name="b_dropdown" time="19.616" classname="testNGFramework.Bootstrapdropdownandcalendar"/>
</testsuite> <!-- testNGFramework.Bootstrapdropdownandcalendar -->
