<?xml version="1.0" encoding="UTF-8"?>
<!-- Generated by org.testng.reporters.JUnitReportReporter -->
<testsuite skipped="0" hostname="KAMILA-PC" name="testNGPracticing.Tutorialsninjaregistration" tests="6" failures="0" timestamp="23 Aug 2020 03:16:22 GMT" time="33.538" errors="0">
  <testcase name="f_continue" time="0.538" classname="testNGPracticing.Tutorialsninjaregistration"/>
  <testcase name="a_pageload" time="9.711" classname="testNGPracticing.Tutorialsninjaregistration"/>
  <testcase name="d_addingwishlist" time="5.260" classname="testNGPracticing.Tutorialsninjaregistration"/>
  <testcase name="b_components" time="3.984" classname="testNGPracticing.Tutorialsninjaregistration"/>
  <testcase name="c_monitor" time="1.746" classname="testNGPracticing.Tutorialsninjaregistration"/>
  <testcase name="e_accountcreation" time="12.299" classname="testNGPracticing.Tutorialsninjaregistration"/>
</testsuite> <!-- testNGPracticing.Tutorialsninjaregistration -->
