<?xml version="1.0" encoding="UTF-8"?>
<!-- Generated by org.testng.reporters.JUnitReportReporter -->
<testsuite skipped="0" hostname="KAMILA-PC" name="testNGFramework.YourLogoForTestNG" tests="6" failures="0" timestamp="14 Aug 2020 02:18:57 GMT" time="104.319" errors="0">
  <testcase name="pageload" time="27.158" classname="testNGFramework.YourLogoForTestNG"/>
  <testcase name="initialRegistration" time="12.969" classname="testNGFramework.YourLogoForTestNG"/>
  <testcase name="personalInfo" time="39.009" classname="testNGFramework.YourLogoForTestNG"/>
  <testcase name="addressInfo" time="14.562" classname="testNGFramework.YourLogoForTestNG"/>
  <testcase name="signOut" time="4.880" classname="testNGFramework.YourLogoForTestNG"/>
  <testcase name="signIn" time="5.741" classname="testNGFramework.YourLogoForTestNG"/>
</testsuite> <!-- testNGFramework.YourLogoForTestNG -->
