<?xml version="1.0" encoding="UTF-8"?>
<!-- Generated by org.testng.reporters.JUnitReportReporter -->
<testsuite skipped="0" hostname="KAMILA-PC" name="testNGFramework.OtherLocators" tests="2" failures="0" timestamp="20 Aug 2020 01:58:25 GMT" time="56.170" errors="0">
  <testcase name="b_login" time="10.757" classname="testNGFramework.OtherLocators"/>
  <testcase name="a_pageload" time="45.413" classname="testNGFramework.OtherLocators"/>
</testsuite> <!-- testNGFramework.OtherLocators -->
