<?xml version="1.0" encoding="UTF-8"?>
<!-- Generated by org.testng.reporters.JUnitReportReporter -->
<testsuite skipped="0" hostname="KAMILA-PC" name="testNGFramework.TestNGExperiments" tests="6" failures="0" timestamp="13 Aug 2020 02:00:55 GMT" time="0.094" errors="0">
  <testcase name="F5" time="0.006" classname="testNGFramework.TestNGExperiments"/>
  <testcase name="F1" time="0.002" classname="testNGFramework.TestNGExperiments"/>
  <testcase name="F3" time="0.022" classname="testNGFramework.TestNGExperiments"/>
  <testcase name="F4" time="0.004" classname="testNGFramework.TestNGExperiments"/>
  <testcase name="F2" time="0.009" classname="testNGFramework.TestNGExperiments"/>
  <testcase name="F6" time="0.051" classname="testNGFramework.TestNGExperiments"/>
</testsuite> <!-- testNGFramework.TestNGExperiments -->
