<?xml version="1.0" encoding="UTF-8"?>
<!-- Generated by org.testng.reporters.JUnitReportReporter -->
<testsuite skipped="0" hostname="KAMILA-PC" name="testFramework.YourLogoForTestNG" tests="6" failures="0" timestamp="12 Aug 2020 02:24:42 GMT" time="109.200" errors="0">
  <testcase name="pageload" time="34.643" classname="testFramework.YourLogoForTestNG"/>
  <testcase name="initialRegistration" time="13.234" classname="testFramework.YourLogoForTestNG"/>
  <testcase name="personalInfo" time="38.584" classname="testFramework.YourLogoForTestNG"/>
  <testcase name="addressInfo" time="13.291" classname="testFramework.YourLogoForTestNG"/>
  <testcase name="signOut" time="3.809" classname="testFramework.YourLogoForTestNG"/>
  <testcase name="signIn" time="5.639" classname="testFramework.YourLogoForTestNG"/>
</testsuite> <!-- testFramework.YourLogoForTestNG -->
