<?xml version="1.0" encoding="UTF-8"?>
<!-- Generated by org.testng.reporters.JUnitReportReporter -->
<testsuite skipped="0" hostname="KAMILA-PC" name="testNGPracticing.FlipkartMousehover" tests="4" failures="0" timestamp="16 Aug 2020 04:10:55 GMT" time="32.134" errors="0">
  <testcase name="d_producttab" time="9.223" classname="testNGPracticing.FlipkartMousehover"/>
  <testcase name="b_loginLayerClose" time="0.505" classname="testNGPracticing.FlipkartMousehover"/>
  <testcase name="c_homeMouseHover" time="5.775" classname="testNGPracticing.FlipkartMousehover"/>
  <testcase name="a_pageLoad" time="16.631" classname="testNGPracticing.FlipkartMousehover"/>
</testsuite> <!-- testNGPracticing.FlipkartMousehover -->
