<?xml version="1.0" encoding="UTF-8"?>
<!-- Generated by org.testng.reporters.JUnitReportReporter -->
<testsuite skipped="0" hostname="KAMILA-PC" name="testNGFramework.GoogleImplicitWait" tests="2" failures="0" timestamp="17 Aug 2020 02:18:54 GMT" time="23.930" errors="0">
  <testcase name="b_search" time="12.306" classname="testNGFramework.GoogleImplicitWait"/>
  <testcase name="a_pageLoad" time="11.624" classname="testNGFramework.GoogleImplicitWait"/>
</testsuite> <!-- testNGFramework.GoogleImplicitWait -->
