<?xml version="1.0" encoding="UTF-8"?>
<!-- Generated by org.testng.reporters.JUnitReportReporter -->
<testsuite skipped="0" hostname="KAMILA-PC" name="testNGFramework.VerificationCommands" tests="2" failures="0" timestamp="17 Aug 2020 03:07:16 GMT" time="75.341" errors="0">
  <testcase name="b_verification" time="23.195" classname="testNGFramework.VerificationCommands"/>
  <testcase name="a_pageLoad" time="52.146" classname="testNGFramework.VerificationCommands"/>
</testsuite> <!-- testNGFramework.VerificationCommands -->
