<?xml version="1.0" encoding="UTF-8"?>
<!-- Generated by org.testng.reporters.JUnitReportReporter -->
<testsuite skipped="2" hostname="KAMILA-PC" name="testNGPracticing.DemoStore" tests="9" failures="0" timestamp="16 Aug 2020 03:46:42 GMT" time="79.198" errors="0">
  <testcase name="c_register" time="12.859" classname="testNGPracticing.DemoStore"/>
  <testcase name="e_viewProduct" time="10.715" classname="testNGPracticing.DemoStore"/>
  <testcase name="d_hotDeals" time="18.265" classname="testNGPracticing.DemoStore"/>
  <testcase name="b_signup" time="3.730" classname="testNGPracticing.DemoStore"/>
  <testcase name="a_pageLoad" time="11.842" classname="testNGPracticing.DemoStore"/>
  <testcase name="f_checkoutProduct" time="7.894" classname="testNGPracticing.DemoStore"/>
  <testcase name="g_placeOrder" time="13.893" classname="testNGPracticing.DemoStore"/>
  <testcase name="e_signIn" classname="testNGPracticing.DemoStore">
    <skipped/>
  </testcase> <!-- e_signIn -->
  <testcase name="d_logOut" classname="testNGPracticing.DemoStore">
    <skipped/>
  </testcase> <!-- d_logOut -->
</testsuite> <!-- testNGPracticing.DemoStore -->
