<?xml version="1.0" encoding="UTF-8"?>
<!-- Generated by org.testng.reporters.JUnitReportReporter -->
<testsuite skipped="0" hostname="KAMILA-PC" name="testNGPracticing.Tutorialsninjaaddtocart" tests="4" failures="0" timestamp="24 Aug 2020 01:52:19 GMT" time="31.858" errors="0">
  <testcase name="a_pageload" time="15.301" classname="testNGPracticing.Tutorialsninjaaddtocart"/>
  <testcase name="c_addingproduct" time="11.980" classname="testNGPracticing.Tutorialsninjaaddtocart"/>
  <testcase name="b_selectingproduct" time="2.092" classname="testNGPracticing.Tutorialsninjaaddtocart"/>
  <testcase name="d_printingmessage" time="2.485" classname="testNGPracticing.Tutorialsninjaaddtocart"/>
</testsuite> <!-- testNGPracticing.Tutorialsninjaaddtocart -->
