<?xml version="1.0" encoding="UTF-8"?>
<!-- Generated by org.testng.reporters.JUnitReportReporter -->
<testsuite skipped="0" hostname="KAMILA-PC" name="testNGFramework.GoogleExplicitWait" tests="2" failures="0" timestamp="28 Aug 2020 02:11:48 GMT" time="51.913" errors="0">
  <testcase name="a_pageLoad" time="32.875" classname="testNGFramework.GoogleExplicitWait"/>
  <testcase name="b_search" time="19.038" classname="testNGFramework.GoogleExplicitWait"/>
</testsuite> <!-- testNGFramework.GoogleExplicitWait -->
